<?xml version="1.0" encoding="UTF-8"?>
<!-- Generated by org.testng.reporters.JUnitXMLReporter -->
<testsuite ignored="0" hostname="DESKTOP-OEVEG37" failures="0" tests="1" name="Test" time="0.316" errors="0" timestamp="2023-12-12T13:17:01 IST">
  <testcase classname="Vs.DesktopGRCrun.testRun" name="@BeforeSuite getExcelData" time="0.113">
    <failure type="java.io.FileNotFoundException" message="\\14.140.167.188\Vakilsearch\Vakilsearch_Smoke_Testing\Excel\GRC Automation Data.xls (The user name or password is incorrect)">
      <![CDATA[java.io.FileNotFoundException: \\14.140.167.188\Vakilsearch\Vakilsearch_Smoke_Testing\Excel\GRC Automation Data.xls (The user name or password is incorrect)
at java.base/java.io.FileInputStream.open0(Native Method)
at java.base/java.io.FileInputStream.open(FileInputStream.java:216)
at java.base/java.io.FileInputStream.<init>(FileInputStream.java:157)
at java.base/java.io.FileInputStream.<init>(FileInputStream.java:111)
at Vs.DesktopGRCrun.testRun.getExcelData(testRun.java:48)
... Removed 19 stack frames]]>
    </failure>
  </testcase> <!-- @BeforeSuite getExcelData -->
  <testcase classname="Vs.DesktopGRCrun.testRun" name="@BeforeTest openBrowser" time="-1.702367220828E9">
    <skipped/>
  </testcase> <!-- @BeforeTest openBrowser -->
  <testcase classname="Vs.DesktopGRCrun.testRun" name="@AfterTest quite" time="-1.70236722114E9">
    <skipped/>
  </testcase> <!-- @AfterTest quite -->
  <testcase classname="Vs.DesktopGRCrun.testRun" name="GRCRegression" time="0.0">
    <skipped/>
  </testcase> <!-- GRCRegression -->
</testsuite> <!-- Test -->
