<?xml version="1.0" encoding="UTF-8"?>
<testng-results ignored="0" total="1" passed="1" failed="0" skipped="0">
  <reporter-output>
  </reporter-output>
  <suite started-at="2023-12-11T10:43:19 IST" name="Default suite" finished-at="2023-12-11T10:48:09 IST" duration-ms="289693">
    <groups>
    </groups>
    <test started-at="2023-12-11T10:43:19 IST" name="Default test" finished-at="2023-12-11T10:48:09 IST" duration-ms="289693">
      <class name="Vs.DesktopGRC.testRun">
        <test-method is-config="true" signature="openBrowser()[pri:0, instance:Vs.DesktopGRC.testRun@2e3967ea]" started-at="2023-12-11T10:43:19 IST" name="openBrowser" finished-at="2023-12-11T10:43:23 IST" duration-ms="4076" status="PASS">
          <reporter-output>
          </reporter-output>
        </test-method> <!-- openBrowser -->
        <test-method signature="GRCRegression(java.lang.String,java.lang.String,java.lang.String)[pri:0, instance:Vs.DesktopGRC.testRun@2e3967ea]" started-at="2023-12-11T10:43:23 IST" name="GRCRegression" data-provider="itemsdata" finished-at="2023-12-11T10:48:09 IST" duration-ms="285401" status="PASS">
          <params>
            <param index="0">
              <value>
                <![CDATA[https://qe-grc.vakilsearch.com/grc/login]]>
              </value>
            </param>
            <param index="1">
              <value>
                <![CDATA[vsautotest_az_2@gmail.com]]>
              </value>
            </param>
            <param index="2">
              <value>
                <![CDATA[000000]]>
              </value>
            </param>
          </params>
          <reporter-output>
          </reporter-output>
        </test-method> <!-- GRCRegression -->
        <test-method is-config="true" signature="quite()[pri:0, instance:Vs.DesktopGRC.testRun@2e3967ea]" started-at="2023-12-11T10:48:09 IST" name="quite" finished-at="2023-12-11T10:48:09 IST" duration-ms="0" status="PASS">
          <reporter-output>
          </reporter-output>
        </test-method> <!-- quite -->
      </class> <!-- Vs.DesktopGRC.testRun -->
    </test> <!-- Default test -->
  </suite> <!-- Default suite -->
</testng-results>
