<?xml version="1.0" encoding="UTF-8"?>
<testng-results ignored="0" total="1" passed="1" failed="0" skipped="0">
  <reporter-output>
  </reporter-output>
  <suite started-at="2023-12-12T13:40:45 IST" name="Default suite" finished-at="2023-12-12T13:41:21 IST" duration-ms="36619">
    <groups>
    </groups>
    <test started-at="2023-12-12T13:40:45 IST" name="Default test" finished-at="2023-12-12T13:41:21 IST" duration-ms="36619">
      <class name="Vs.DesktopGRC.testRun">
        <test-method is-config="true" signature="getExcelData()[pri:0, instance:Vs.DesktopGRC.testRun@229c6181]" started-at="2023-12-12T13:40:44 IST" name="getExcelData" finished-at="2023-12-12T13:40:45 IST" duration-ms="220" status="PASS">
          <reporter-output>
          </reporter-output>
        </test-method> <!-- getExcelData -->
        <test-method is-config="true" signature="openBrowser()[pri:0, instance:Vs.DesktopGRC.testRun@229c6181]" started-at="2023-12-12T13:40:45 IST" name="openBrowser" finished-at="2023-12-12T13:40:46 IST" duration-ms="1607" status="PASS">
          <reporter-output>
          </reporter-output>
        </test-method> <!-- openBrowser -->
        <test-method signature="GRCRegression(java.lang.String,java.lang.String,java.lang.String)[pri:0, instance:Vs.DesktopGRC.testRun@229c6181]" started-at="2023-12-12T13:40:46 IST" name="GRCRegression" data-provider="itemsdata" finished-at="2023-12-12T13:41:21 IST" duration-ms="34914" status="PASS">
          <params>
            <param index="0">
              <value>
                <![CDATA[https://qe-grc.vakilsearch.com/grc/login]]>
              </value>
            </param>
            <param index="1">
              <value>
                <![CDATA[vsautotest_uv_2@gmail.com]]>
              </value>
            </param>
            <param index="2">
              <value>
                <![CDATA[000000]]>
              </value>
            </param>
          </params>
          <reporter-output>
          </reporter-output>
        </test-method> <!-- GRCRegression -->
        <test-method is-config="true" signature="quite()[pri:0, instance:Vs.DesktopGRC.testRun@229c6181]" started-at="2023-12-12T13:41:21 IST" name="quite" finished-at="2023-12-12T13:41:21 IST" duration-ms="0" status="PASS">
          <reporter-output>
          </reporter-output>
        </test-method> <!-- quite -->
        <test-method is-config="true" signature="quite1()[pri:0, instance:Vs.DesktopGRC.testRun@229c6181]" started-at="2023-12-12T13:41:21 IST" name="quite1" finished-at="2023-12-12T13:41:21 IST" duration-ms="0" status="PASS">
          <reporter-output>
          </reporter-output>
        </test-method> <!-- quite1 -->
      </class> <!-- Vs.DesktopGRC.testRun -->
    </test> <!-- Default test -->
  </suite> <!-- Default suite -->
</testng-results>
